[debug] [2018-09-06T13:07:12.585Z] ----------------------------------------------------------------------
[debug] [2018-09-06T13:07:12.587Z] Command:       /usr/local/bin/node /usr/local/bin/firebase deploy
[debug] [2018-09-06T13:07:12.587Z] CLI Version:   4.1.1
[debug] [2018-09-06T13:07:12.588Z] Platform:      darwin
[debug] [2018-09-06T13:07:12.588Z] Node Version:  v8.5.0
[debug] [2018-09-06T13:07:12.588Z] Time:          Thu Sep 06 2018 15:07:12 GMT+0200 (CEST)
[debug] [2018-09-06T13:07:12.588Z] ----------------------------------------------------------------------
[debug] 
[debug] [2018-09-06T13:07:12.607Z] > command requires scopes: ["email","openid","https://www.googleapis.com/auth/cloudplatformprojects.readonly","https://www.googleapis.com/auth/firebase","https://www.googleapis.com/auth/cloud-platform"]
[debug] [2018-09-06T13:07:12.607Z] > authorizing via signed-in user
[debug] [2018-09-06T13:07:12.609Z] > refreshing access token with scopes: ["email","https://www.googleapis.com/auth/cloud-platform","https://www.googleapis.com/auth/cloudplatformprojects.readonly","https://www.googleapis.com/auth/firebase","openid"]
[debug] [2018-09-06T13:07:12.610Z] >>> HTTP REQUEST POST https://www.googleapis.com/oauth2/v3/token  

[info] 
[warn] ⚠  Your CLI authentication needs to be updated to take advantage of new features.
[warn] ⚠  Please run firebase login --reauth
[info] 
[debug] [2018-09-06T13:07:27.791Z] > command requires scopes: ["email","openid","https://www.googleapis.com/auth/cloudplatformprojects.readonly","https://www.googleapis.com/auth/firebase"]
[debug] [2018-09-06T13:07:27.791Z] > authorizing via signed-in user
[debug] [2018-09-06T13:07:27.791Z] > refreshing access token with scopes: ["email","https://www.googleapis.com/auth/cloudplatformprojects.readonly","https://www.googleapis.com/auth/firebase","openid"]
[debug] [2018-09-06T13:07:27.791Z] >>> HTTP REQUEST POST https://www.googleapis.com/oauth2/v3/token  

[debug] [2018-09-06T13:08:03.277Z] ----------------------------------------------------------------------
[debug] [2018-09-06T13:08:03.280Z] Command:       /usr/local/bin/node /usr/local/bin/firebase login --reauth
[debug] [2018-09-06T13:08:03.280Z] CLI Version:   4.1.1
[debug] [2018-09-06T13:08:03.280Z] Platform:      darwin
[debug] [2018-09-06T13:08:03.280Z] Node Version:  v8.5.0
[debug] [2018-09-06T13:08:03.280Z] Time:          Thu Sep 06 2018 15:08:03 GMT+0200 (CEST)
[debug] [2018-09-06T13:08:03.280Z] ----------------------------------------------------------------------
[debug] 
[info] 
[info] Visit this URL on any device to log in:
[info] https://accounts.google.com/o/oauth2/auth?client_id=563584335869-fgrhgmd47bqnekij5i8b5pr03ho849e6.apps.googleusercontent.com&scope=email%20openid%20https%3A%2F%2Fwww.googleapis.com%2Fauth%2Fcloudplatformprojects.readonly%20https%3A%2F%2Fwww.googleapis.com%2Fauth%2Ffirebase%20https%3A%2F%2Fwww.googleapis.com%2Fauth%2Fcloud-platform&response_type=code&state=1018376910&redirect_uri=http%3A%2F%2Flocalhost%3A9005
[info] 
[info] Waiting for authentication...
